  PacketIO.cpp
  NotificationHandlingServer.cpp
f:\dokumente\visual studio 2015\projects\737ngx_server\737ngx_mcp_server\notificationhandlingserver.cpp(95): warning C4101: "e": Unreferenzierte lokale Variable
f:\dokumente\visual studio 2015\projects\737ngx_server\737ngx_mcp_server\notificationhandlingserver.cpp(125): warning C4101: "e": Unreferenzierte lokale Variable
f:\dokumente\visual studio 2015\projects\737ngx_server\737ngx_mcp_server\notificationhandlingserver.cpp(129): warning C4101: "e": Unreferenzierte lokale Variable
  CommandHandlingServer.cpp
f:\dokumente\visual studio 2015\projects\737ngx_server\737ngx_mcp_server\commandhandlingserver.cpp(125): warning C4101: "e": Unreferenzierte lokale Variable
f:\dokumente\visual studio 2015\projects\737ngx_server\737ngx_mcp_server\commandhandlingserver.cpp(176): warning C4101: "e": Unreferenzierte lokale Variable
  CommandHandlingConnectionHandler.cpp
f:\dokumente\visual studio 2015\projects\737ngx_server\737ngx_mcp_server\commandhandlingconnectionhandler.cpp(58): warning C4101: "e": Unreferenzierte lokale Variable
f:\dokumente\visual studio 2015\projects\737ngx_server\737ngx_mcp_server\commandhandlingconnectionhandler.cpp(104): warning C4101: "e": Unreferenzierte lokale Variable
f:\dokumente\visual studio 2015\projects\737ngx_server\737ngx_mcp_server\commandhandlingconnectionhandler.cpp(108): warning C4101: "e": Unreferenzierte lokale Variable
  Code wird generiert...
  Kompilieren...
  main.cpp
f:\dokumente\visual studio 2015\projects\737ngx_server\737ngx_mcp_server\main.cpp(41): warning C4101: "e": Unreferenzierte lokale Variable
f:\dokumente\visual studio 2015\projects\737ngx_server\737ngx_mcp_server\main.cpp(86): warning C4101: "e": Unreferenzierte lokale Variable
  Code wird generiert...
  737NGX_MCP_Server.vcxproj -> F:\Dokumente\Visual Studio 2015\Projects\737NGX_Server\Debug\737NGX_MCP_Server.exe
  737NGX_MCP_Server.vcxproj -> F:\Dokumente\Visual Studio 2015\Projects\737NGX_Server\Debug\737NGX_MCP_Server.pdb (Full PDB)
