f:\dokumente\visual studio 2015\projects\737ngx_server\737ngx_mcp_server\debug\vc140.pdb
f:\dokumente\visual studio 2015\projects\737ngx_server\737ngx_mcp_server\debug\vc140.idb
f:\dokumente\visual studio 2015\projects\737ngx_server\737ngx_mcp_server\debug\commandhandlingconnectionhandler.obj
f:\dokumente\visual studio 2015\projects\737ngx_server\737ngx_mcp_server\debug\main.obj
f:\dokumente\visual studio 2015\projects\737ngx_server\737ngx_mcp_server\debug\mcpentity.obj
f:\dokumente\visual studio 2015\projects\737ngx_server\737ngx_mcp_server\debug\packetfactory.obj
f:\dokumente\visual studio 2015\projects\737ngx_server\737ngx_mcp_server\debug\simconnectclient.obj
f:\dokumente\visual studio 2015\projects\737ngx_server\737ngx_mcp_server\debug\simconnectentity.obj
f:\dokumente\visual studio 2015\projects\737ngx_server\737ngx_mcp_server\debug\tcp.obj
f:\dokumente\visual studio 2015\projects\737ngx_server\737ngx_mcp_server\debug\tcpacceptor.obj
f:\dokumente\visual studio 2015\projects\737ngx_server\737ngx_mcp_server\debug\tcpconnector.obj
f:\dokumente\visual studio 2015\projects\737ngx_server\737ngx_mcp_server\debug\tcpreader.obj
f:\dokumente\visual studio 2015\projects\737ngx_server\737ngx_mcp_server\debug\tcpstream.obj
f:\dokumente\visual studio 2015\projects\737ngx_server\737ngx_mcp_server\debug\commandhandlingserver.obj
f:\dokumente\visual studio 2015\projects\737ngx_server\737ngx_mcp_server\debug\notificationhandlingserver.obj
f:\dokumente\visual studio 2015\projects\737ngx_server\debug\737ngx_mcp_server.pdb
f:\dokumente\visual studio 2015\projects\737ngx_server\737ngx_mcp_server\debug\737ngx_m.d07c0229.tlog\cl.command.1.tlog
f:\dokumente\visual studio 2015\projects\737ngx_server\737ngx_mcp_server\debug\737ngx_m.d07c0229.tlog\cl.read.1.tlog
f:\dokumente\visual studio 2015\projects\737ngx_server\737ngx_mcp_server\debug\737ngx_m.d07c0229.tlog\cl.write.1.tlog
f:\dokumente\visual studio 2015\projects\737ngx_server\737ngx_mcp_server\debug\737ngx_m.d07c0229.tlog\link.command.1.tlog
f:\dokumente\visual studio 2015\projects\737ngx_server\737ngx_mcp_server\debug\737ngx_m.d07c0229.tlog\link.read.1.tlog
f:\dokumente\visual studio 2015\projects\737ngx_server\737ngx_mcp_server\debug\737ngx_m.d07c0229.tlog\link.write.1.tlog
